2026-01-15 20:24:53.241 [info] Extension host with pid 24954 started
2026-01-15 20:24:53.280 [info] Lock '/data/data/com.termux/files/home/.local/share/code-server/User/workspaceStorage/-69ddb3e/vscode.lock': Lock acquired.
2026-01-15 20:24:53.800 [info] ExtensionService#_doActivateExtension vscode.github-authentication, startup: false, activationEvent: 'onAuthenticationRequest:github'
2026-01-15 20:24:53.804 [info] ExtensionService#_doActivateExtension vscode.emmet, startup: false, activationEvent: 'onLanguage'
2026-01-15 20:24:54.339 [info] ExtensionService#_doActivateExtension vscode.git-base, startup: true, activationEvent: '*'
2026-01-15 20:24:54.592 [info] ExtensionService#_doActivateExtension vscode.github, startup: true, activationEvent: '*'
2026-01-15 20:24:54.655 [info] ExtensionService#_doActivateExtension vscode.git, startup: false, activationEvent: '*'
2026-01-15 20:24:55.156 [info] Eager extensions activated
2026-01-15 20:24:55.158 [info] ExtensionService#_doActivateExtension vscode.debug-auto-launch, startup: false, activationEvent: 'onStartupFinished'
2026-01-15 20:24:55.159 [info] ExtensionService#_doActivateExtension vscode.merge-conflict, startup: false, activationEvent: 'onStartupFinished'
2026-01-15 20:29:07.548 [info] ExtensionService#_doActivateExtension vscode.terminal-suggest, startup: false, activationEvent: 'onTerminalShellIntegration:*'
2026-01-15 20:30:34.126 [info] ExtensionService#_doActivateExtension vscode.npm, startup: false, activationEvent: 'onTerminalQuickFixRequest:ms-vscode.npm-command'
2026-01-15 20:42:26.504 [info] ExtensionService#_doActivateExtension ms-vscode.js-debug, startup: false, activationEvent: 'onDebugInitialConfigurations'
2026-01-15 20:42:30.482 [info] ExtensionService#_doActivateExtension vscode.debug-server-ready, startup: false, activationEvent: 'onDebugResolve'
2026-01-15 20:43:52.575 [info] ExtensionService#_doActivateExtension ms-python.python, startup: false, activationEvent: 'onDebugInitialConfigurations'
2026-01-16 08:15:25.600 [info] Extension host terminating: renderer disconnected for too long (1)
2026-01-16 08:15:25.617 [info] Lock '/data/data/com.termux/files/home/.local/share/code-server/User/workspaceStorage/-69ddb3e/vscode.lock': Marking the lockfile as scheduled to be released in 6000 ms.
2026-01-16 08:15:25.876 [error] ProxyResolver#resolveProxy undefined Canceled: Canceled
	at su (file:///data/data/com.termux/files/usr/lib/code-server/lib/vscode/out/vs/workbench/api/node/extensionHostProcess.js:7:1394)
	at file:///data/data/com.termux/files/usr/lib/code-server/lib/vscode/out/vs/workbench/api/node/extensionHostProcess.js:29:128148
	at Array.forEach (<anonymous>)
	at AE.dispose (file:///data/data/com.termux/files/usr/lib/code-server/lib/vscode/out/vs/workbench/api/node/extensionHostProcess.js:29:128088)
	at IK.terminate (file:///data/data/com.termux/files/usr/lib/code-server/lib/vscode/out/vs/workbench/api/node/extensionHostProcess.js:120:10208)
	at UM.terminate (file:///data/data/com.termux/files/usr/lib/code-server/lib/vscode/out/vs/workbench/api/node/extensionHostProcess.js:122:914)
	at Br (file:///data/data/com.termux/files/usr/lib/code-server/lib/vscode/out/vs/workbench/api/node/extensionHostProcess.js:405:11136)
	at Sx.a (file:///data/data/com.termux/files/usr/lib/code-server/lib/vscode/out/vs/workbench/api/node/extensionHostProcess.js:405:7970)
	at Sx.h (file:///data/data/com.termux/files/usr/lib/code-server/lib/vscode/out/vs/workbench/api/node/extensionHostProcess.js:28:76725)
	at listOnTimeout (node:internal/timers:588:17)
	at process.processTimers (node:internal/timers:523:7) 
2026-01-16 08:15:26.095 [info] Extension host with pid 24954 exiting with code 0
