0 verbose cli /data/data/com.termux/files/usr/bin/node /data/data/com.termux/files/usr/bin/npm
1 info using npm@11.10.1
2 info using node@v25.3.0
3 silly config load:file:/data/data/com.termux/files/usr/lib/node_modules/npm/npmrc
4 silly config load:file:/data/data/com.termux/files/home/my_pro_site/.npmrc
5 silly config load:file:/data/data/com.termux/files/home/.npmrc
6 silly config load:file:/data/data/com.termux/files/usr/etc/npmrc
7 verbose title npm install express cookie-parser
8 verbose argv "install" "express" "cookie-parser"
9 verbose logfile logs-max:10 dir:/data/data/com.termux/files/home/.npm/_logs/2026-02-20T16_17_06_873Z-
10 verbose logfile /data/data/com.termux/files/home/.npm/_logs/2026-02-20T16_17_06_873Z-debug-0.log
11 silly logfile start cleaning logs, removing 1 files
12 silly packumentCache heap:1174405120 maxSize:293601280 maxEntrySize:146800640
13 silly logfile done cleaning log files
14 silly idealTree buildDeps
15 silly fetch manifest express@*
16 silly packumentCache full:https://registry.npmjs.org/express cache-miss
17 http fetch GET 200 https://registry.npmjs.org/express 9628ms (cache revalidated)
18 silly packumentCache full:https://registry.npmjs.org/express set size:801204 disposed:false
19 silly fetch manifest cookie-parser@*
20 silly packumentCache full:https://registry.npmjs.org/cookie-parser cache-miss
21 http fetch GET 200 https://registry.npmjs.org/cookie-parser 161ms (cache revalidated)
22 silly packumentCache full:https://registry.npmjs.org/cookie-parser set size:44731 disposed:false
23 silly placeDep ROOT cookie-parser@1.4.7 OK for:  want: *
24 silly placeDep ROOT express@5.2.1 OK for:  want: *
25 silly fetch manifest cookie@0.7.2
26 silly packumentCache full:https://registry.npmjs.org/cookie cache-miss
27 silly fetch manifest cookie-signature@1.0.6
28 silly packumentCache full:https://registry.npmjs.org/cookie-signature cache-miss
29 silly fetch manifest qs@^6.14.0
30 silly packumentCache full:https://registry.npmjs.org/qs cache-miss
31 silly fetch manifest depd@^2.0.0
32 silly packumentCache full:https://registry.npmjs.org/depd cache-miss
33 silly fetch manifest etag@^1.8.1
34 silly packumentCache full:https://registry.npmjs.org/etag cache-miss
35 silly fetch manifest once@^1.4.0
36 silly packumentCache full:https://registry.npmjs.org/once cache-miss
37 http fetch GET 200 https://registry.npmjs.org/qs 188ms (cache revalidated)
38 silly packumentCache full:https://registry.npmjs.org/qs set size:350258 disposed:false
39 silly fetch manifest send@^1.1.0
40 silly packumentCache full:https://registry.npmjs.org/send cache-miss
41 http fetch GET 200 https://registry.npmjs.org/send 180ms (cache revalidated)
42 silly packumentCache full:https://registry.npmjs.org/send set size:152810 disposed:false
43 silly fetch manifest vary@^1.1.2
44 silly packumentCache full:https://registry.npmjs.org/vary cache-miss
45 http fetch GET 200 https://registry.npmjs.org/cookie 544ms (cache revalidated)
46 silly packumentCache full:https://registry.npmjs.org/cookie set size:72891 disposed:false
47 silly fetch manifest debug@^4.4.0
48 silly packumentCache full:https://registry.npmjs.org/debug cache-miss
49 http fetch GET 200 https://registry.npmjs.org/etag 553ms (cache revalidated)
50 silly packumentCache full:https://registry.npmjs.org/etag set size:30032 disposed:false
51 silly fetch manifest fresh@^2.0.0
52 silly packumentCache full:https://registry.npmjs.org/fresh cache-miss
53 http fetch GET 200 https://registry.npmjs.org/vary 172ms (cache revalidated)
54 silly packumentCache full:https://registry.npmjs.org/vary set size:16018 disposed:false
55 silly fetch manifest cookie@^0.7.1
56 silly packumentCache full:https://registry.npmjs.org/cookie cache-hit
57 silly fetch manifest router@^2.2.0
58 silly packumentCache full:https://registry.npmjs.org/router cache-miss
59 http fetch GET 200 https://registry.npmjs.org/depd 578ms (cache revalidated)
60 silly packumentCache full:https://registry.npmjs.org/depd set size:40182 disposed:false
61 silly fetch manifest accepts@^2.0.0
62 silly packumentCache full:https://registry.npmjs.org/accepts cache-miss
63 http fetch GET 200 https://registry.npmjs.org/cookie-signature 596ms (cache revalidated)
64 silly packumentCache full:https://registry.npmjs.org/cookie-signature set size:21777 disposed:false
65 silly fetch manifest type-is@^2.0.1
66 silly packumentCache full:https://registry.npmjs.org/type-is cache-miss
67 http fetch GET 200 https://registry.npmjs.org/once 614ms (cache revalidated)
68 silly packumentCache full:https://registry.npmjs.org/once set size:11768 disposed:false
69 silly fetch manifest parseurl@^1.3.3
70 silly packumentCache full:https://registry.npmjs.org/parseurl cache-miss
71 http fetch GET 200 https://registry.npmjs.org/debug 171ms (cache revalidated)
72 silly packumentCache full:https://registry.npmjs.org/debug set size:195840 disposed:false
73 silly fetch manifest statuses@^2.0.1
74 silly packumentCache full:https://registry.npmjs.org/statuses cache-miss
75 http fetch GET 200 https://registry.npmjs.org/accepts 161ms (cache revalidated)
76 silly packumentCache full:https://registry.npmjs.org/accepts set size:77054 disposed:false
77 silly fetch manifest encodeurl@^2.0.0
78 silly packumentCache full:https://registry.npmjs.org/encodeurl cache-miss
79 http fetch GET 200 https://registry.npmjs.org/fresh 194ms (cache revalidated)
80 silly packumentCache full:https://registry.npmjs.org/fresh set size:25427 disposed:false
81 silly fetch manifest mime-types@^3.0.0
82 silly packumentCache full:https://registry.npmjs.org/mime-types cache-miss
83 http fetch GET 200 https://registry.npmjs.org/type-is 167ms (cache revalidated)
84 silly packumentCache full:https://registry.npmjs.org/type-is set size:86196 disposed:false
85 silly fetch manifest proxy-addr@^2.0.7
86 silly packumentCache full:https://registry.npmjs.org/proxy-addr cache-miss
87 http fetch GET 200 https://registry.npmjs.org/router 206ms (cache revalidated)
88 silly packumentCache full:https://registry.npmjs.org/router set size:116499 disposed:false
89 silly fetch manifest body-parser@^2.2.1
90 silly packumentCache full:https://registry.npmjs.org/body-parser cache-miss
91 http fetch GET 200 https://registry.npmjs.org/parseurl 177ms (cache revalidated)
92 silly packumentCache full:https://registry.npmjs.org/parseurl set size:24148 disposed:false
93 silly fetch manifest escape-html@^1.0.3
94 silly packumentCache full:https://registry.npmjs.org/escape-html cache-miss
95 http fetch GET 200 https://registry.npmjs.org/statuses 157ms (cache revalidated)
96 silly packumentCache full:https://registry.npmjs.org/statuses set size:37117 disposed:false
97 silly fetch manifest http-errors@^2.0.0
98 silly packumentCache full:https://registry.npmjs.org/http-errors cache-miss
99 http fetch GET 200 https://registry.npmjs.org/encodeurl 180ms (cache revalidated)
100 silly packumentCache full:https://registry.npmjs.org/encodeurl set size:12296 disposed:false
101 silly fetch manifest on-finished@^2.4.1
102 silly packumentCache full:https://registry.npmjs.org/on-finished cache-miss
103 http fetch GET 200 https://registry.npmjs.org/proxy-addr 179ms (cache revalidated)
104 silly packumentCache full:https://registry.npmjs.org/proxy-addr set size:61619 disposed:false
105 silly fetch manifest content-type@^1.0.5
106 silly packumentCache full:https://registry.npmjs.org/content-type cache-miss
107 http fetch GET 200 https://registry.npmjs.org/escape-html 173ms (cache revalidated)
108 silly packumentCache full:https://registry.npmjs.org/escape-html set size:7345 disposed:false
109 silly fetch manifest finalhandler@^2.1.0
110 silly packumentCache full:https://registry.npmjs.org/finalhandler cache-miss
111 http fetch GET 200 https://registry.npmjs.org/mime-types 223ms (cache revalidated)
112 silly packumentCache full:https://registry.npmjs.org/mime-types set size:139110 disposed:false
113 silly fetch manifest range-parser@^1.2.1
114 silly packumentCache full:https://registry.npmjs.org/range-parser cache-miss
115 http fetch GET 200 https://registry.npmjs.org/body-parser 204ms (cache revalidated)
116 silly packumentCache full:https://registry.npmjs.org/body-parser set size:216830 disposed:false
117 silly fetch manifest serve-static@^2.2.0
118 silly packumentCache full:https://registry.npmjs.org/serve-static cache-miss
119 http fetch GET 200 https://registry.npmjs.org/http-errors 144ms (cache revalidated)
120 silly packumentCache full:https://registry.npmjs.org/http-errors set size:71987 disposed:false
121 silly fetch manifest cookie-signature@^1.2.1
122 silly packumentCache full:https://registry.npmjs.org/cookie-signature cache-hit
123 silly fetch manifest merge-descriptors@^2.0.0
124 silly packumentCache full:https://registry.npmjs.org/merge-descriptors cache-miss
125 http fetch GET 200 https://registry.npmjs.org/on-finished 149ms (cache revalidated)
126 silly packumentCache full:https://registry.npmjs.org/on-finished set size:23212 disposed:false
127 silly fetch manifest content-disposition@^1.0.0
128 silly packumentCache full:https://registry.npmjs.org/content-disposition cache-miss
129 http fetch GET 200 https://registry.npmjs.org/content-type 192ms (cache revalidated)
130 silly packumentCache full:https://registry.npmjs.org/content-type set size:17311 disposed:false
131 http fetch GET 200 https://registry.npmjs.org/range-parser 191ms (cache revalidated)
132 silly packumentCache full:https://registry.npmjs.org/range-parser set size:22228 disposed:false
133 http fetch GET 200 https://registry.npmjs.org/serve-static 182ms (cache revalidated)
134 silly packumentCache full:https://registry.npmjs.org/serve-static set size:150391 disposed:false
135 http fetch GET 200 https://registry.npmjs.org/finalhandler 210ms (cache revalidated)
136 silly packumentCache full:https://registry.npmjs.org/finalhandler set size:79291 disposed:false
137 http fetch GET 200 https://registry.npmjs.org/merge-descriptors 156ms (cache revalidated)
138 silly packumentCache full:https://registry.npmjs.org/merge-descriptors set size:16527 disposed:false
139 http fetch GET 200 https://registry.npmjs.org/content-disposition 149ms (cache revalidated)
140 silly packumentCache full:https://registry.npmjs.org/content-disposition set size:34469 disposed:false
141 silly placeDep ROOT cookie@0.7.2 OK for: cookie-parser@1.4.7 want: 0.7.2
142 silly placeDep ROOT cookie-signature@1.0.6 OK for: cookie-parser@1.4.7 want: 1.0.6
143 silly placeDep ROOT accepts@2.0.0 OK for: express@5.2.1 want: ^2.0.0
144 silly placeDep ROOT body-parser@2.2.2 OK for: express@5.2.1 want: ^2.2.1
145 silly placeDep ROOT content-disposition@1.0.1 OK for: express@5.2.1 want: ^1.0.0
146 silly placeDep ROOT content-type@1.0.5 OK for: express@5.2.1 want: ^1.0.5
147 silly placeDep node_modules/express cookie-signature@1.2.2 OK for: express@5.2.1 want: ^1.2.1
148 silly placeDep ROOT debug@4.4.3 OK for: express@5.2.1 want: ^4.4.0
149 silly placeDep ROOT depd@2.0.0 OK for: express@5.2.1 want: ^2.0.0
150 silly placeDep ROOT encodeurl@2.0.0 OK for: express@5.2.1 want: ^2.0.0
151 silly placeDep ROOT escape-html@1.0.3 OK for: express@5.2.1 want: ^1.0.3
152 silly placeDep ROOT etag@1.8.1 OK for: express@5.2.1 want: ^1.8.1
153 silly placeDep ROOT finalhandler@2.1.1 OK for: express@5.2.1 want: ^2.1.0
154 silly placeDep ROOT fresh@2.0.0 OK for: express@5.2.1 want: ^2.0.0
155 silly placeDep ROOT http-errors@2.0.1 OK for: express@5.2.1 want: ^2.0.0
156 silly placeDep ROOT merge-descriptors@2.0.0 OK for: express@5.2.1 want: ^2.0.0
157 silly placeDep ROOT mime-types@3.0.2 OK for: express@5.2.1 want: ^3.0.0
158 silly placeDep ROOT on-finished@2.4.1 OK for: express@5.2.1 want: ^2.4.1
159 silly placeDep ROOT once@1.4.0 OK for: express@5.2.1 want: ^1.4.0
160 silly placeDep ROOT parseurl@1.3.3 OK for: express@5.2.1 want: ^1.3.3
161 silly placeDep ROOT proxy-addr@2.0.7 OK for: express@5.2.1 want: ^2.0.7
162 silly placeDep ROOT qs@6.15.0 OK for: express@5.2.1 want: ^6.14.0
163 silly placeDep ROOT range-parser@1.2.1 OK for: express@5.2.1 want: ^1.2.1
164 silly placeDep ROOT router@2.2.0 OK for: express@5.2.1 want: ^2.2.0
165 silly placeDep ROOT send@1.2.1 OK for: express@5.2.1 want: ^1.1.0
166 silly placeDep ROOT serve-static@2.2.1 OK for: express@5.2.1 want: ^2.2.0
167 silly placeDep ROOT statuses@2.0.2 OK for: express@5.2.1 want: ^2.0.1
168 silly placeDep ROOT type-is@2.0.1 OK for: express@5.2.1 want: ^2.0.1
169 silly placeDep ROOT vary@1.1.2 OK for: express@5.2.1 want: ^1.1.2
170 silly fetch manifest negotiator@^1.0.0
171 silly packumentCache full:https://registry.npmjs.org/negotiator cache-miss
172 silly fetch manifest bytes@^3.1.2
173 silly packumentCache full:https://registry.npmjs.org/bytes cache-miss
174 silly fetch manifest debug@^4.4.3
175 silly packumentCache full:https://registry.npmjs.org/debug cache-hit
176 silly fetch manifest iconv-lite@^0.7.0
177 silly packumentCache full:https://registry.npmjs.org/iconv-lite cache-miss
178 silly fetch manifest qs@^6.14.1
179 silly packumentCache full:https://registry.npmjs.org/qs cache-hit
180 silly fetch manifest raw-body@^3.0.1
181 silly packumentCache full:https://registry.npmjs.org/raw-body cache-miss
182 silly fetch manifest ms@^2.1.3
183 silly packumentCache full:https://registry.npmjs.org/ms cache-miss
184 silly fetch manifest inherits@~2.0.4
185 silly packumentCache full:https://registry.npmjs.org/inherits cache-miss
186 http fetch GET 200 https://registry.npmjs.org/bytes 169ms (cache revalidated)
187 silly packumentCache full:https://registry.npmjs.org/bytes set size:37018 disposed:false
188 silly fetch manifest setprototypeof@~1.2.0
189 silly packumentCache full:https://registry.npmjs.org/setprototypeof cache-miss
190 http fetch GET 200 https://registry.npmjs.org/inherits 175ms (cache revalidated)
191 silly packumentCache full:https://registry.npmjs.org/inherits set size:12925 disposed:false
192 silly fetch manifest statuses@~2.0.2
193 silly packumentCache full:https://registry.npmjs.org/statuses cache-hit
194 silly fetch manifest toidentifier@~1.0.1
195 silly packumentCache full:https://registry.npmjs.org/toidentifier cache-miss
196 http fetch GET 200 https://registry.npmjs.org/negotiator 195ms (cache revalidated)
197 silly packumentCache full:https://registry.npmjs.org/negotiator set size:48046 disposed:false
198 silly fetch manifest mime-db@^1.54.0
199 silly packumentCache full:https://registry.npmjs.org/mime-db cache-miss
200 http fetch GET 200 https://registry.npmjs.org/iconv-lite 197ms (cache revalidated)
201 silly packumentCache full:https://registry.npmjs.org/iconv-lite set size:120557 disposed:false
202 silly fetch manifest ee-first@1.1.1
203 silly packumentCache full:https://registry.npmjs.org/ee-first cache-miss
204 http fetch GET 200 https://registry.npmjs.org/ms 206ms (cache revalidated)
205 silly packumentCache full:https://registry.npmjs.org/ms set size:92208 disposed:false
206 silly fetch manifest wrappy@1
207 silly packumentCache full:https://registry.npmjs.org/wrappy cache-miss
208 http fetch GET 200 https://registry.npmjs.org/raw-body 219ms (cache revalidated)
209 silly packumentCache full:https://registry.npmjs.org/raw-body set size:117822 disposed:false
210 silly fetch manifest forwarded@0.2.0
211 silly packumentCache full:https://registry.npmjs.org/forwarded cache-miss
212 http fetch GET 200 https://registry.npmjs.org/setprototypeof 186ms (cache revalidated)
213 silly packumentCache full:https://registry.npmjs.org/setprototypeof set size:14532 disposed:false
214 silly fetch manifest ipaddr.js@1.9.1
215 silly packumentCache full:https://registry.npmjs.org/ipaddr.js cache-miss
216 http fetch GET 200 https://registry.npmjs.org/toidentifier 185ms (cache revalidated)
217 silly packumentCache full:https://registry.npmjs.org/toidentifier set size:12006 disposed:false
218 silly fetch manifest side-channel@^1.1.0
219 silly packumentCache full:https://registry.npmjs.org/side-channel cache-miss
220 http fetch GET 200 https://registry.npmjs.org/mime-db 188ms (cache revalidated)
221 silly packumentCache full:https://registry.npmjs.org/mime-db set size:164953 disposed:false
222 silly fetch manifest is-promise@^4.0.0
223 silly packumentCache full:https://registry.npmjs.org/is-promise cache-miss
224 http fetch GET 200 https://registry.npmjs.org/ee-first 194ms (cache revalidated)
225 silly packumentCache full:https://registry.npmjs.org/ee-first set size:15327 disposed:false
226 silly fetch manifest path-to-regexp@^8.0.0
227 silly packumentCache full:https://registry.npmjs.org/path-to-regexp cache-miss
228 http fetch GET 200 https://registry.npmjs.org/wrappy 188ms (cache revalidated)
229 silly packumentCache full:https://registry.npmjs.org/wrappy set size:7682 disposed:false
230 silly fetch manifest statuses@^2.0.2
231 silly packumentCache full:https://registry.npmjs.org/statuses cache-hit
232 silly fetch manifest media-typer@^1.1.0
233 silly packumentCache full:https://registry.npmjs.org/media-typer cache-miss
234 http fetch GET 200 https://registry.npmjs.org/forwarded 183ms (cache revalidated)
235 silly packumentCache full:https://registry.npmjs.org/forwarded set size:11229 disposed:false
236 http fetch GET 200 https://registry.npmjs.org/ipaddr.js 154ms (cache revalidated)
237 silly packumentCache full:https://registry.npmjs.org/ipaddr.js set size:67857 disposed:false
238 http fetch GET 200 https://registry.npmjs.org/media-typer 167ms (cache revalidated)
239 silly packumentCache full:https://registry.npmjs.org/media-typer set size:20873 disposed:false
240 http fetch GET 200 https://registry.npmjs.org/path-to-regexp 182ms (cache revalidated)
241 silly packumentCache full:https://registry.npmjs.org/path-to-regexp set size:207142 disposed:false
242 http fetch GET 200 https://registry.npmjs.org/side-channel 221ms (cache revalidated)
243 silly packumentCache full:https://registry.npmjs.org/side-channel set size:24660 disposed:false
244 http fetch GET 200 https://registry.npmjs.org/is-promise 212ms (cache revalidated)
245 silly packumentCache full:https://registry.npmjs.org/is-promise set size:18599 disposed:false
246 silly placeDep ROOT negotiator@1.0.0 OK for: accepts@2.0.0 want: ^1.0.0
247 silly placeDep ROOT bytes@3.1.2 OK for: body-parser@2.2.2 want: ^3.1.2
248 silly placeDep ROOT iconv-lite@0.7.2 OK for: body-parser@2.2.2 want: ^0.7.0
249 silly placeDep ROOT raw-body@3.0.2 OK for: body-parser@2.2.2 want: ^3.0.1
250 silly fetch manifest safer-buffer@>= 2.1.2 < 3.0.0
251 silly packumentCache full:https://registry.npmjs.org/safer-buffer cache-miss
252 silly fetch manifest unpipe@~1.0.0
253 silly packumentCache full:https://registry.npmjs.org/unpipe cache-miss
254 http fetch GET 200 https://registry.npmjs.org/unpipe 143ms (cache revalidated)
255 silly packumentCache full:https://registry.npmjs.org/unpipe set size:3609 disposed:false
256 http fetch GET 200 https://registry.npmjs.org/safer-buffer 170ms (cache revalidated)
257 silly packumentCache full:https://registry.npmjs.org/safer-buffer set size:18521 disposed:false
258 silly placeDep ROOT ms@2.1.3 OK for: debug@4.4.3 want: ^2.1.3
259 silly placeDep ROOT inherits@2.0.4 OK for: http-errors@2.0.1 want: ~2.0.4
260 silly placeDep ROOT setprototypeof@1.2.0 OK for: http-errors@2.0.1 want: ~1.2.0
261 silly placeDep ROOT toidentifier@1.0.1 OK for: http-errors@2.0.1 want: ~1.0.1
262 silly placeDep ROOT safer-buffer@2.1.2 OK for: iconv-lite@0.7.2 want: >= 2.1.2 < 3.0.0
263 silly placeDep ROOT mime-db@1.54.0 OK for: mime-types@3.0.2 want: ^1.54.0
264 silly placeDep ROOT ee-first@1.1.1 OK for: on-finished@2.4.1 want: 1.1.1
265 silly placeDep ROOT wrappy@1.0.2 OK for: once@1.4.0 want: 1
266 silly placeDep ROOT forwarded@0.2.0 OK for: proxy-addr@2.0.7 want: 0.2.0
267 silly placeDep ROOT ipaddr.js@1.9.1 OK for: proxy-addr@2.0.7 want: 1.9.1
268 silly placeDep ROOT side-channel@1.1.0 OK for: qs@6.15.0 want: ^1.1.0
269 silly fetch manifest es-errors@^1.3.0
270 silly packumentCache full:https://registry.npmjs.org/es-errors cache-miss
271 silly fetch manifest object-inspect@^1.13.3
272 silly packumentCache full:https://registry.npmjs.org/object-inspect cache-miss
273 silly fetch manifest side-channel-list@^1.0.0
274 silly packumentCache full:https://registry.npmjs.org/side-channel-list cache-miss
275 silly fetch manifest side-channel-map@^1.0.1
276 silly packumentCache full:https://registry.npmjs.org/side-channel-map cache-miss
277 silly fetch manifest side-channel-weakmap@^1.0.2
278 silly packumentCache full:https://registry.npmjs.org/side-channel-weakmap cache-miss
279 http fetch GET 200 https://registry.npmjs.org/side-channel-weakmap 183ms (cache revalidated)
280 silly packumentCache full:https://registry.npmjs.org/side-channel-weakmap set size:12620 disposed:false
281 http fetch GET 200 https://registry.npmjs.org/es-errors 190ms (cache revalidated)
282 silly packumentCache full:https://registry.npmjs.org/es-errors set size:16918 disposed:false
283 http fetch GET 200 https://registry.npmjs.org/object-inspect 192ms (cache revalidated)
284 silly packumentCache full:https://registry.npmjs.org/object-inspect set size:101912 disposed:false
285 http fetch GET 200 https://registry.npmjs.org/side-channel-map 196ms (cache revalidated)
286 silly packumentCache full:https://registry.npmjs.org/side-channel-map set size:9126 disposed:false
287 http fetch GET 200 https://registry.npmjs.org/side-channel-list 200ms (cache revalidated)
288 silly packumentCache full:https://registry.npmjs.org/side-channel-list set size:6005 disposed:false
289 silly placeDep ROOT unpipe@1.0.0 OK for: raw-body@3.0.2 want: ~1.0.0
290 silly placeDep ROOT is-promise@4.0.0 OK for: router@2.2.0 want: ^4.0.0
291 silly placeDep ROOT path-to-regexp@8.3.0 OK for: router@2.2.0 want: ^8.0.0
292 silly placeDep ROOT es-errors@1.3.0 OK for: side-channel@1.1.0 want: ^1.3.0
293 silly placeDep ROOT object-inspect@1.13.4 OK for: side-channel@1.1.0 want: ^1.13.3
294 silly placeDep ROOT side-channel-list@1.0.0 OK for: side-channel@1.1.0 want: ^1.0.0
295 silly placeDep ROOT side-channel-map@1.0.1 OK for: side-channel@1.1.0 want: ^1.0.1
296 silly placeDep ROOT side-channel-weakmap@1.0.2 OK for: side-channel@1.1.0 want: ^1.0.2
297 silly fetch manifest call-bound@^1.0.2
298 silly packumentCache full:https://registry.npmjs.org/call-bound cache-miss
299 silly fetch manifest get-intrinsic@^1.2.5
300 silly packumentCache full:https://registry.npmjs.org/get-intrinsic cache-miss
301 silly fetch manifest call-bound@^1.0.2
302 silly packumentCache full:https://registry.npmjs.org/call-bound cache-miss
303 silly fetch manifest get-intrinsic@^1.2.5
304 silly packumentCache full:https://registry.npmjs.org/get-intrinsic cache-miss
305 http fetch GET 200 https://registry.npmjs.org/get-intrinsic 187ms (cache revalidated)
306 silly packumentCache full:https://registry.npmjs.org/get-intrinsic set size:60985 disposed:false
307 http fetch GET 200 https://registry.npmjs.org/call-bound 193ms (cache revalidated)
308 silly packumentCache full:https://registry.npmjs.org/call-bound set size:15317 disposed:false
309 http fetch GET 200 https://registry.npmjs.org/call-bound 197ms (cache revalidated)
310 silly packumentCache full:https://registry.npmjs.org/call-bound set size:15317 disposed:false
311 silly packumentCache full:https://registry.npmjs.org/call-bound dispose
312 http fetch GET 200 https://registry.npmjs.org/get-intrinsic 200ms (cache revalidated)
313 silly packumentCache full:https://registry.npmjs.org/get-intrinsic set size:60985 disposed:false
314 silly packumentCache full:https://registry.npmjs.org/get-intrinsic dispose
315 silly placeDep ROOT call-bound@1.0.4 OK for: side-channel-map@1.0.1 want: ^1.0.2
316 silly placeDep ROOT get-intrinsic@1.3.0 OK for: side-channel-map@1.0.1 want: ^1.2.5
317 silly fetch manifest call-bind-apply-helpers@^1.0.2
318 silly packumentCache full:https://registry.npmjs.org/call-bind-apply-helpers cache-miss
319 silly fetch manifest get-intrinsic@^1.3.0
320 silly packumentCache full:https://registry.npmjs.org/get-intrinsic cache-hit
321 silly fetch manifest gopd@^1.2.0
322 silly packumentCache full:https://registry.npmjs.org/gopd cache-miss
323 silly fetch manifest hasown@^2.0.2
324 silly packumentCache full:https://registry.npmjs.org/hasown cache-miss
325 silly fetch manifest get-proto@^1.0.1
326 silly packumentCache full:https://registry.npmjs.org/get-proto cache-miss
327 silly fetch manifest has-symbols@^1.1.0
328 silly packumentCache full:https://registry.npmjs.org/has-symbols cache-miss
329 silly fetch manifest function-bind@^1.1.2
330 silly packumentCache full:https://registry.npmjs.org/function-bind cache-miss
331 http fetch GET 200 https://registry.npmjs.org/hasown 166ms (cache revalidated)
332 silly packumentCache full:https://registry.npmjs.org/hasown set size:12476 disposed:false
333 silly fetch manifest es-object-atoms@^1.1.1
334 silly packumentCache full:https://registry.npmjs.org/es-object-atoms cache-miss
335 http fetch GET 200 https://registry.npmjs.org/has-symbols 170ms (cache revalidated)
336 silly packumentCache full:https://registry.npmjs.org/has-symbols set size:21550 disposed:false
337 silly fetch manifest math-intrinsics@^1.1.0
338 silly packumentCache full:https://registry.npmjs.org/math-intrinsics cache-miss
339 http fetch GET 200 https://registry.npmjs.org/get-proto 175ms (cache revalidated)
340 silly packumentCache full:https://registry.npmjs.org/get-proto set size:8300 disposed:false
341 silly fetch manifest es-define-property@^1.0.1
342 silly packumentCache full:https://registry.npmjs.org/es-define-property cache-miss
343 http fetch GET 200 https://registry.npmjs.org/function-bind 183ms (cache revalidated)
344 silly packumentCache full:https://registry.npmjs.org/function-bind set size:15733 disposed:false
345 silly fetch manifest call-bind-apply-helpers@^1.0.2
346 silly packumentCache full:https://registry.npmjs.org/call-bind-apply-helpers cache-miss
347 http fetch GET 200 https://registry.npmjs.org/gopd 198ms (cache revalidated)
348 silly packumentCache full:https://registry.npmjs.org/gopd set size:11458 disposed:false
349 http fetch GET 200 https://registry.npmjs.org/call-bind-apply-helpers 216ms (cache revalidated)
350 silly packumentCache full:https://registry.npmjs.org/call-bind-apply-helpers set size:12744 disposed:false
351 http fetch GET 200 https://registry.npmjs.org/es-object-atoms 172ms (cache revalidated)
352 silly packumentCache full:https://registry.npmjs.org/es-object-atoms set size:15304 disposed:false
353 http fetch GET 200 https://registry.npmjs.org/math-intrinsics 171ms (cache revalidated)
354 silly packumentCache full:https://registry.npmjs.org/math-intrinsics set size:9265 disposed:false
355 http fetch GET 200 https://registry.npmjs.org/call-bind-apply-helpers 166ms (cache revalidated)
356 silly packumentCache full:https://registry.npmjs.org/call-bind-apply-helpers set size:12744 disposed:false
357 silly packumentCache full:https://registry.npmjs.org/call-bind-apply-helpers dispose
358 http fetch GET 200 https://registry.npmjs.org/es-define-property 197ms (cache revalidated)
359 silly packumentCache full:https://registry.npmjs.org/es-define-property set size:8542 disposed:false
360 silly placeDep ROOT call-bind-apply-helpers@1.0.2 OK for: call-bound@1.0.4 want: ^1.0.2
361 silly placeDep ROOT function-bind@1.1.2 OK for: call-bind-apply-helpers@1.0.2 want: ^1.1.2
362 silly placeDep ROOT es-define-property@1.0.1 OK for: get-intrinsic@1.3.0 want: ^1.0.1
363 silly placeDep ROOT es-object-atoms@1.1.1 OK for: get-intrinsic@1.3.0 want: ^1.1.1
364 silly placeDep ROOT get-proto@1.0.1 OK for: get-intrinsic@1.3.0 want: ^1.0.1
365 silly placeDep ROOT gopd@1.2.0 OK for: get-intrinsic@1.3.0 want: ^1.2.0
366 silly placeDep ROOT has-symbols@1.1.0 OK for: get-intrinsic@1.3.0 want: ^1.1.0
367 silly placeDep ROOT hasown@2.0.2 OK for: get-intrinsic@1.3.0 want: ^2.0.2
368 silly placeDep ROOT math-intrinsics@1.1.0 OK for: get-intrinsic@1.3.0 want: ^1.1.0
369 silly fetch manifest dunder-proto@^1.0.1
370 silly packumentCache full:https://registry.npmjs.org/dunder-proto cache-miss
371 http fetch GET 200 https://registry.npmjs.org/dunder-proto 159ms (cache revalidated)
372 silly packumentCache full:https://registry.npmjs.org/dunder-proto set size:8256 disposed:false
373 silly placeDep ROOT dunder-proto@1.0.1 OK for: get-proto@1.0.1 want: ^1.0.1
374 silly placeDep ROOT media-typer@1.1.0 OK for: type-is@2.0.1 want: ^1.1.0
375 silly reify moves {}
376 http cache media-typer@https://registry.npmjs.org/media-typer/-/media-typer-1.1.0.tgz 0ms (cache hit)
377 http cache dunder-proto@https://registry.npmjs.org/dunder-proto/-/dunder-proto-1.0.1.tgz 0ms (cache hit)
378 http cache math-intrinsics@https://registry.npmjs.org/math-intrinsics/-/math-intrinsics-1.1.0.tgz 0ms (cache hit)
379 http cache hasown@https://registry.npmjs.org/hasown/-/hasown-2.0.2.tgz 0ms (cache hit)
380 http cache has-symbols@https://registry.npmjs.org/has-symbols/-/has-symbols-1.1.0.tgz 0ms (cache hit)
381 http cache get-proto@https://registry.npmjs.org/get-proto/-/get-proto-1.0.1.tgz 1ms (cache hit)
382 http cache es-object-atoms@https://registry.npmjs.org/es-object-atoms/-/es-object-atoms-1.1.1.tgz 1ms (cache hit)
383 http cache es-define-property@https://registry.npmjs.org/es-define-property/-/es-define-property-1.0.1.tgz 0ms (cache hit)
384 http cache function-bind@https://registry.npmjs.org/function-bind/-/function-bind-1.1.2.tgz 0ms (cache hit)
385 http cache call-bind-apply-helpers@https://registry.npmjs.org/call-bind-apply-helpers/-/call-bind-apply-helpers-1.0.2.tgz 0ms (cache hit)
386 http cache get-intrinsic@https://registry.npmjs.org/get-intrinsic/-/get-intrinsic-1.3.0.tgz 0ms (cache hit)
387 http cache call-bound@https://registry.npmjs.org/call-bound/-/call-bound-1.0.4.tgz 0ms (cache hit)
388 http cache side-channel-weakmap@https://registry.npmjs.org/side-channel-weakmap/-/side-channel-weakmap-1.0.2.tgz 0ms (cache hit)
389 http cache side-channel-map@https://registry.npmjs.org/side-channel-map/-/side-channel-map-1.0.1.tgz 0ms (cache hit)
390 http cache side-channel-list@https://registry.npmjs.org/side-channel-list/-/side-channel-list-1.0.0.tgz 0ms (cache hit)
391 http cache object-inspect@https://registry.npmjs.org/object-inspect/-/object-inspect-1.13.4.tgz 0ms (cache hit)
392 http cache es-errors@https://registry.npmjs.org/es-errors/-/es-errors-1.3.0.tgz 0ms (cache hit)
393 http cache path-to-regexp@https://registry.npmjs.org/path-to-regexp/-/path-to-regexp-8.3.0.tgz 0ms (cache hit)
394 http cache gopd@https://registry.npmjs.org/gopd/-/gopd-1.2.0.tgz 0ms (cache hit)
395 http cache is-promise@https://registry.npmjs.org/is-promise/-/is-promise-4.0.0.tgz 0ms (cache hit)
396 http cache unpipe@https://registry.npmjs.org/unpipe/-/unpipe-1.0.0.tgz 0ms (cache hit)
397 http cache ipaddr.js@https://registry.npmjs.org/ipaddr.js/-/ipaddr.js-1.9.1.tgz 0ms (cache hit)
398 http cache wrappy@https://registry.npmjs.org/wrappy/-/wrappy-1.0.2.tgz 0ms (cache hit)
399 http cache forwarded@https://registry.npmjs.org/forwarded/-/forwarded-0.2.0.tgz 0ms (cache hit)
400 http cache ee-first@https://registry.npmjs.org/ee-first/-/ee-first-1.1.1.tgz 0ms (cache hit)
401 http cache safer-buffer@https://registry.npmjs.org/safer-buffer/-/safer-buffer-2.1.2.tgz 0ms (cache hit)
402 http cache mime-db@https://registry.npmjs.org/mime-db/-/mime-db-1.54.0.tgz 0ms (cache hit)
403 http cache toidentifier@https://registry.npmjs.org/toidentifier/-/toidentifier-1.0.1.tgz 0ms (cache hit)
404 http cache setprototypeof@https://registry.npmjs.org/setprototypeof/-/setprototypeof-1.2.0.tgz 0ms (cache hit)
405 http cache inherits@https://registry.npmjs.org/inherits/-/inherits-2.0.4.tgz 0ms (cache hit)
406 http cache ms@https://registry.npmjs.org/ms/-/ms-2.1.3.tgz 0ms (cache hit)
407 http cache iconv-lite@https://registry.npmjs.org/iconv-lite/-/iconv-lite-0.7.2.tgz 0ms (cache hit)
408 http cache raw-body@https://registry.npmjs.org/raw-body/-/raw-body-3.0.2.tgz 0ms (cache hit)
409 http cache bytes@https://registry.npmjs.org/bytes/-/bytes-3.1.2.tgz 0ms (cache hit)
410 http cache vary@https://registry.npmjs.org/vary/-/vary-1.1.2.tgz 0ms (cache hit)
411 http cache negotiator@https://registry.npmjs.org/negotiator/-/negotiator-1.0.0.tgz 0ms (cache hit)
412 http cache type-is@https://registry.npmjs.org/type-is/-/type-is-2.0.1.tgz 0ms (cache hit)
413 http cache side-channel@https://registry.npmjs.org/side-channel/-/side-channel-1.1.0.tgz 0ms (cache hit)
414 http cache router@https://registry.npmjs.org/router/-/router-2.2.0.tgz 0ms (cache hit)
415 http cache statuses@https://registry.npmjs.org/statuses/-/statuses-2.0.2.tgz 0ms (cache hit)
416 http cache range-parser@https://registry.npmjs.org/range-parser/-/range-parser-1.2.1.tgz 0ms (cache hit)
417 http cache send@https://registry.npmjs.org/send/-/send-1.2.1.tgz 0ms (cache hit)
418 http cache proxy-addr@https://registry.npmjs.org/proxy-addr/-/proxy-addr-2.0.7.tgz 0ms (cache hit)
419 http cache qs@https://registry.npmjs.org/qs/-/qs-6.15.0.tgz 0ms (cache hit)
420 http cache serve-static@https://registry.npmjs.org/serve-static/-/serve-static-2.2.1.tgz 0ms (cache hit)
421 http cache once@https://registry.npmjs.org/once/-/once-1.4.0.tgz 0ms (cache hit)
422 http cache parseurl@https://registry.npmjs.org/parseurl/-/parseurl-1.3.3.tgz 0ms (cache hit)
423 http cache merge-descriptors@https://registry.npmjs.org/merge-descriptors/-/merge-descriptors-2.0.0.tgz 0ms (cache hit)
424 http cache on-finished@https://registry.npmjs.org/on-finished/-/on-finished-2.4.1.tgz 0ms (cache hit)
425 http cache fresh@https://registry.npmjs.org/fresh/-/fresh-2.0.0.tgz 0ms (cache hit)
426 http cache mime-types@https://registry.npmjs.org/mime-types/-/mime-types-3.0.2.tgz 0ms (cache hit)
427 http cache etag@https://registry.npmjs.org/etag/-/etag-1.8.1.tgz 0ms (cache hit)
428 http cache http-errors@https://registry.npmjs.org/http-errors/-/http-errors-2.0.1.tgz 0ms (cache hit)
429 http cache finalhandler@https://registry.npmjs.org/finalhandler/-/finalhandler-2.1.1.tgz 0ms (cache hit)
430 http cache encodeurl@https://registry.npmjs.org/encodeurl/-/encodeurl-2.0.0.tgz 0ms (cache hit)
431 http cache escape-html@https://registry.npmjs.org/escape-html/-/escape-html-1.0.3.tgz 0ms (cache hit)
432 http cache content-type@https://registry.npmjs.org/content-type/-/content-type-1.0.5.tgz 0ms (cache hit)
433 http cache depd@https://registry.npmjs.org/depd/-/depd-2.0.0.tgz 0ms (cache hit)
434 http cache debug@https://registry.npmjs.org/debug/-/debug-4.4.3.tgz 0ms (cache hit)
435 http cache body-parser@https://registry.npmjs.org/body-parser/-/body-parser-2.2.2.tgz 0ms (cache hit)
436 http cache content-disposition@https://registry.npmjs.org/content-disposition/-/content-disposition-1.0.1.tgz 0ms (cache hit)
437 http cache express@https://registry.npmjs.org/express/-/express-5.2.1.tgz 0ms (cache hit)
438 http cache accepts@https://registry.npmjs.org/accepts/-/accepts-2.0.0.tgz 0ms (cache hit)
439 http cache cookie-signature@https://registry.npmjs.org/cookie-signature/-/cookie-signature-1.0.6.tgz 0ms (cache hit)
440 http cache cookie-signature@https://registry.npmjs.org/cookie-signature/-/cookie-signature-1.2.2.tgz 0ms (cache hit)
441 http cache cookie-parser@https://registry.npmjs.org/cookie-parser/-/cookie-parser-1.4.7.tgz 0ms (cache hit)
442 http cache cookie@https://registry.npmjs.org/cookie/-/cookie-0.7.2.tgz 0ms (cache hit)
443 silly ADD node_modules/media-typer
444 silly ADD node_modules/dunder-proto
445 silly ADD node_modules/math-intrinsics
446 silly ADD node_modules/hasown
447 silly ADD node_modules/has-symbols
448 silly ADD node_modules/gopd
449 silly ADD node_modules/get-proto
450 silly ADD node_modules/es-object-atoms
451 silly ADD node_modules/es-define-property
452 silly ADD node_modules/function-bind
453 silly ADD node_modules/call-bind-apply-helpers
454 silly ADD node_modules/get-intrinsic
455 silly ADD node_modules/call-bound
456 silly ADD node_modules/side-channel-weakmap
457 silly ADD node_modules/side-channel-map
458 silly ADD node_modules/side-channel-list
459 silly ADD node_modules/object-inspect
460 silly ADD node_modules/es-errors
461 silly ADD node_modules/path-to-regexp
462 silly ADD node_modules/is-promise
463 silly ADD node_modules/unpipe
464 silly ADD node_modules/side-channel
465 silly ADD node_modules/ipaddr.js
466 silly ADD node_modules/forwarded
467 silly ADD node_modules/wrappy
468 silly ADD node_modules/ee-first
469 silly ADD node_modules/mime-db
470 silly ADD node_modules/safer-buffer
471 silly ADD node_modules/toidentifier
472 silly ADD node_modules/setprototypeof
473 silly ADD node_modules/inherits
474 silly ADD node_modules/ms
475 silly ADD node_modules/raw-body
476 silly ADD node_modules/iconv-lite
477 silly ADD node_modules/bytes
478 silly ADD node_modules/negotiator
479 silly ADD node_modules/vary
480 silly ADD node_modules/type-is
481 silly ADD node_modules/statuses
482 silly ADD node_modules/serve-static
483 silly ADD node_modules/send
484 silly ADD node_modules/router
485 silly ADD node_modules/range-parser
486 silly ADD node_modules/qs
487 silly ADD node_modules/proxy-addr
488 silly ADD node_modules/parseurl
489 silly ADD node_modules/once
490 silly ADD node_modules/on-finished
491 silly ADD node_modules/mime-types
492 silly ADD node_modules/merge-descriptors
493 silly ADD node_modules/http-errors
494 silly ADD node_modules/fresh
495 silly ADD node_modules/finalhandler
496 silly ADD node_modules/etag
497 silly ADD node_modules/escape-html
498 silly ADD node_modules/encodeurl
499 silly ADD node_modules/depd
500 silly ADD node_modules/debug
501 silly ADD node_modules/content-type
502 silly ADD node_modules/content-disposition
503 silly ADD node_modules/body-parser
504 silly ADD node_modules/accepts
505 silly ADD node_modules/cookie-signature
506 silly ADD node_modules/cookie
507 silly ADD node_modules/express
508 silly ADD node_modules/express/node_modules/cookie-signature
509 silly ADD node_modules/cookie-parser
510 verbose cwd /data/data/com.termux/files/home/my_pro_site
511 verbose os Linux 5.15.167-android13-8-00014-gbf0a81a7f319-ab13297889
512 verbose node v25.3.0
513 verbose npm  v11.10.1
514 verbose exit 0
515 info ok
