0 verbose cli /data/data/com.termux/files/usr/bin/node /data/data/com.termux/files/usr/bin/npm
1 info using npm@11.10.1
2 info using node@v25.3.0
3 silly config load:file:/data/data/com.termux/files/usr/lib/node_modules/npm/npmrc
4 silly config load:file:/data/data/com.termux/files/home/my_pro_site/pro_site/.npmrc
5 silly config load:file:/data/data/com.termux/files/home/.npmrc
6 silly config load:file:/data/data/com.termux/files/usr/etc/npmrc
7 verbose title npm install express cookie-parser
8 verbose argv "install" "express" "cookie-parser"
9 verbose logfile logs-max:10 dir:/data/data/com.termux/files/home/.npm/_logs/2026-02-20T15_54_50_089Z-
10 verbose logfile /data/data/com.termux/files/home/.npm/_logs/2026-02-20T15_54_50_089Z-debug-0.log
11 silly logfile done cleaning log files
12 silly packumentCache heap:1174405120 maxSize:293601280 maxEntrySize:146800640
13 silly idealTree buildDeps
14 silly fetch manifest cookie-parser@^1.4.7
15 silly packumentCache full:https://registry.npmjs.org/cookie-parser cache-miss
16 http fetch GET 200 https://registry.npmjs.org/cookie-parser 6953ms (cache revalidated)
17 silly packumentCache full:https://registry.npmjs.org/cookie-parser set size:44731 disposed:false
18 silly fetch manifest express@^5.2.1
19 silly packumentCache full:https://registry.npmjs.org/express cache-miss
20 http fetch GET 200 https://registry.npmjs.org/express 187ms (cache revalidated)
21 silly packumentCache full:https://registry.npmjs.org/express set size:801204 disposed:false
22 silly placeDep ROOT cookie-parser@1.4.7 REPLACE for: pro_site@1.0.0 want: ^1.4.7
23 silly placeDep ROOT express@5.2.1 REPLACE for: pro_site@1.0.0 want: ^5.2.1
24 silly reify moves {}
25 silly audit bulk request {
25 silly audit   accepts: [ '2.0.0' ],
25 silly audit   bcryptjs: [ '3.0.3' ],
25 silly audit   'body-parser': [ '2.2.2' ],
25 silly audit   'buffer-equal-constant-time': [ '1.0.1' ],
25 silly audit   bytes: [ '3.1.2' ],
25 silly audit   'call-bind-apply-helpers': [ '1.0.2' ],
25 silly audit   'call-bound': [ '1.0.4' ],
25 silly audit   'content-disposition': [ '1.0.1' ],
25 silly audit   'content-type': [ '1.0.5' ],
25 silly audit   cookie: [ '0.7.2' ],
25 silly audit   'cookie-signature': [ '1.2.2', '1.0.6' ],
25 silly audit   debug: [ '4.4.3' ],
25 silly audit   depd: [ '2.0.0' ],
25 silly audit   'dunder-proto': [ '1.0.1' ],
25 silly audit   'ecdsa-sig-formatter': [ '1.0.11' ],
25 silly audit   'ee-first': [ '1.1.1' ],
25 silly audit   encodeurl: [ '2.0.0' ],
25 silly audit   'es-define-property': [ '1.0.1' ],
25 silly audit   'es-errors': [ '1.3.0' ],
25 silly audit   'es-object-atoms': [ '1.1.1' ],
25 silly audit   'escape-html': [ '1.0.3' ],
25 silly audit   etag: [ '1.8.1' ],
25 silly audit   finalhandler: [ '2.1.1' ],
25 silly audit   forwarded: [ '0.2.0' ],
25 silly audit   fresh: [ '2.0.0' ],
25 silly audit   'function-bind': [ '1.1.2' ],
25 silly audit   'get-intrinsic': [ '1.3.0' ],
25 silly audit   'get-proto': [ '1.0.1' ],
25 silly audit   gopd: [ '1.2.0' ],
25 silly audit   'has-symbols': [ '1.1.0' ],
25 silly audit   hasown: [ '2.0.2' ],
25 silly audit   'http-errors': [ '2.0.1' ],
25 silly audit   'iconv-lite': [ '0.7.2' ],
25 silly audit   inherits: [ '2.0.4' ],
25 silly audit   'ipaddr.js': [ '1.9.1' ],
25 silly audit   'is-promise': [ '4.0.0' ],
25 silly audit   jsonwebtoken: [ '9.0.3' ],
25 silly audit   jwa: [ '2.0.1' ],
25 silly audit   jws: [ '4.0.1' ],
25 silly audit   'lodash.includes': [ '4.3.0' ],
25 silly audit   'lodash.isboolean': [ '3.0.3' ],
25 silly audit   'lodash.isinteger': [ '4.0.4' ],
25 silly audit   'lodash.isnumber': [ '3.0.3' ],
25 silly audit   'lodash.isplainobject': [ '4.0.6' ],
25 silly audit   'lodash.isstring': [ '4.0.1' ],
25 silly audit   'lodash.once': [ '4.1.1' ],
25 silly audit   'math-intrinsics': [ '1.1.0' ],
25 silly audit   'media-typer': [ '1.1.0' ],
25 silly audit   'merge-descriptors': [ '2.0.0' ],
25 silly audit   'mime-db': [ '1.54.0' ],
25 silly audit   'mime-types': [ '3.0.2' ],
25 silly audit   ms: [ '2.1.3' ],
25 silly audit   negotiator: [ '1.0.0' ],
25 silly audit   'object-inspect': [ '1.13.4' ],
25 silly audit   'on-finished': [ '2.4.1' ],
25 silly audit   once: [ '1.4.0' ],
25 silly audit   parseurl: [ '1.3.3' ],
25 silly audit   'path-to-regexp': [ '8.3.0' ],
25 silly audit   'proxy-addr': [ '2.0.7' ],
25 silly audit   qs: [ '6.15.0' ],
25 silly audit   'range-parser': [ '1.2.1' ],
25 silly audit   'raw-body': [ '3.0.2' ],
25 silly audit   router: [ '2.2.0' ],
25 silly audit   'safe-buffer': [ '5.2.1' ],
25 silly audit   'safer-buffer': [ '2.1.2' ],
25 silly audit   semver: [ '7.7.4' ],
25 silly audit   send: [ '1.2.1' ],
25 silly audit   'serve-static': [ '2.2.1' ],
25 silly audit   setprototypeof: [ '1.2.0' ],
25 silly audit   'side-channel': [ '1.1.0' ],
25 silly audit   'side-channel-list': [ '1.0.0' ],
25 silly audit   'side-channel-map': [ '1.0.1' ],
25 silly audit   'side-channel-weakmap': [ '1.0.2' ],
25 silly audit   statuses: [ '2.0.2' ],
25 silly audit   toidentifier: [ '1.0.1' ],
25 silly audit   'type-is': [ '2.0.1' ],
25 silly audit   unpipe: [ '1.0.0' ],
25 silly audit   vary: [ '1.1.2' ],
25 silly audit   wrappy: [ '1.0.2' ],
25 silly audit   'cookie-parser': [ '1.4.7' ],
25 silly audit   express: [ '5.2.1' ]
25 silly audit }
26 http fetch POST 200 https://registry.npmjs.org/-/npm/v1/security/advisories/bulk 335ms
27 silly audit report {}
28 verbose cwd /data/data/com.termux/files/home/my_pro_site/pro_site
29 verbose os Linux 5.15.167-android13-8-00014-gbf0a81a7f319-ab13297889
30 verbose node v25.3.0
31 verbose npm  v11.10.1
32 verbose exit 0
33 info ok
