0 verbose cli /data/data/com.termux/files/usr/bin/node /data/data/com.termux/files/usr/bin/npm
1 info using npm@11.10.1
2 info using node@v25.3.0
3 silly config load:file:/data/data/com.termux/files/usr/lib/node_modules/npm/npmrc
4 silly config load:file:/data/data/com.termux/files/home/my-cool-js/dev-hub/.npmrc
5 silly config load:file:/data/data/com.termux/files/home/.npmrc
6 silly config load:file:/data/data/com.termux/files/usr/etc/npmrc
7 verbose title npm install express mysql2
8 verbose argv "install" "express" "mysql2"
9 verbose logfile logs-max:10 dir:/data/data/com.termux/files/home/.npm/_logs/2026-02-22T10_05_05_725Z-
10 verbose logfile /data/data/com.termux/files/home/.npm/_logs/2026-02-22T10_05_05_725Z-debug-0.log
11 silly logfile start cleaning logs, removing 1 files
12 silly packumentCache heap:1174405120 maxSize:293601280 maxEntrySize:146800640
13 silly logfile done cleaning log files
14 silly idealTree buildDeps
15 silly fetch manifest express@^5.2.1
16 silly packumentCache full:https://registry.npmjs.org/express cache-miss
17 http cache https://registry.npmjs.org/express 88ms (cache hit)
18 silly packumentCache full:https://registry.npmjs.org/express set size:801204 disposed:false
19 silly fetch manifest mysql2@^3.17.4
20 silly packumentCache full:https://registry.npmjs.org/mysql2 cache-miss
21 http cache https://registry.npmjs.org/mysql2 11ms (cache hit)
22 silly packumentCache full:https://registry.npmjs.org/mysql2 set size:672476 disposed:false
23 silly placeDep ROOT express@5.2.1 REPLACE for: dev-hub@1.0.0 want: ^5.2.1
24 silly placeDep ROOT mysql2@3.17.4 REPLACE for: dev-hub@1.0.0 want: ^3.17.4
25 silly reify moves {}
26 silly audit bulk request {
26 silly audit   accepts: [ '2.0.0' ],
26 silly audit   'aws-ssl-profiles': [ '1.1.2' ],
26 silly audit   'body-parser': [ '2.2.2' ],
26 silly audit   bytes: [ '3.1.2' ],
26 silly audit   'call-bind-apply-helpers': [ '1.0.2' ],
26 silly audit   'call-bound': [ '1.0.4' ],
26 silly audit   'content-disposition': [ '1.0.1' ],
26 silly audit   'content-type': [ '1.0.5' ],
26 silly audit   cookie: [ '0.7.2' ],
26 silly audit   'cookie-signature': [ '1.2.2' ],
26 silly audit   debug: [ '4.4.3' ],
26 silly audit   denque: [ '2.1.0' ],
26 silly audit   depd: [ '2.0.0' ],
26 silly audit   'dunder-proto': [ '1.0.1' ],
26 silly audit   'ee-first': [ '1.1.1' ],
26 silly audit   encodeurl: [ '2.0.0' ],
26 silly audit   'es-define-property': [ '1.0.1' ],
26 silly audit   'es-errors': [ '1.3.0' ],
26 silly audit   'es-object-atoms': [ '1.1.1' ],
26 silly audit   'escape-html': [ '1.0.3' ],
26 silly audit   etag: [ '1.8.1' ],
26 silly audit   finalhandler: [ '2.1.1' ],
26 silly audit   forwarded: [ '0.2.0' ],
26 silly audit   fresh: [ '2.0.0' ],
26 silly audit   'function-bind': [ '1.1.2' ],
26 silly audit   'generate-function': [ '2.3.1' ],
26 silly audit   'get-intrinsic': [ '1.3.0' ],
26 silly audit   'get-proto': [ '1.0.1' ],
26 silly audit   gopd: [ '1.2.0' ],
26 silly audit   'has-symbols': [ '1.1.0' ],
26 silly audit   hasown: [ '2.0.2' ],
26 silly audit   'http-errors': [ '2.0.1' ],
26 silly audit   'iconv-lite': [ '0.7.2' ],
26 silly audit   inherits: [ '2.0.4' ],
26 silly audit   'ipaddr.js': [ '1.9.1' ],
26 silly audit   'is-promise': [ '4.0.0' ],
26 silly audit   'is-property': [ '1.0.2' ],
26 silly audit   long: [ '5.3.2' ],
26 silly audit   'lru.min': [ '1.1.4' ],
26 silly audit   'math-intrinsics': [ '1.1.0' ],
26 silly audit   'media-typer': [ '1.1.0' ],
26 silly audit   'merge-descriptors': [ '2.0.0' ],
26 silly audit   'mime-db': [ '1.54.0' ],
26 silly audit   'mime-types': [ '3.0.2' ],
26 silly audit   ms: [ '2.1.3' ],
26 silly audit   'named-placeholders': [ '1.1.6' ],
26 silly audit   negotiator: [ '1.0.0' ],
26 silly audit   'object-inspect': [ '1.13.4' ],
26 silly audit   'on-finished': [ '2.4.1' ],
26 silly audit   once: [ '1.4.0' ],
26 silly audit   parseurl: [ '1.3.3' ],
26 silly audit   'path-to-regexp': [ '8.3.0' ],
26 silly audit   'proxy-addr': [ '2.0.7' ],
26 silly audit   qs: [ '6.15.0' ],
26 silly audit   'range-parser': [ '1.2.1' ],
26 silly audit   'raw-body': [ '3.0.2' ],
26 silly audit   router: [ '2.2.0' ],
26 silly audit   'safer-buffer': [ '2.1.2' ],
26 silly audit   send: [ '1.2.1' ],
26 silly audit   'serve-static': [ '2.2.1' ],
26 silly audit   setprototypeof: [ '1.2.0' ],
26 silly audit   'side-channel': [ '1.1.0' ],
26 silly audit   'side-channel-list': [ '1.0.0' ],
26 silly audit   'side-channel-map': [ '1.0.1' ],
26 silly audit   'side-channel-weakmap': [ '1.0.2' ],
26 silly audit   'sql-escaper': [ '1.3.3' ],
26 silly audit   statuses: [ '2.0.2' ],
26 silly audit   toidentifier: [ '1.0.1' ],
26 silly audit   'type-is': [ '2.0.1' ],
26 silly audit   unpipe: [ '1.0.0' ],
26 silly audit   vary: [ '1.1.2' ],
26 silly audit   wrappy: [ '1.0.2' ],
26 silly audit   express: [ '5.2.1' ],
26 silly audit   mysql2: [ '3.17.4' ]
26 silly audit }
27 http fetch POST 200 https://registry.npmjs.org/-/npm/v1/security/advisories/bulk 773ms
28 silly audit report {}
29 verbose cwd /data/data/com.termux/files/home/my-cool-js/dev-hub
30 verbose os Linux 5.15.167-android13-8-00014-gbf0a81a7f319-ab13297889
31 verbose node v25.3.0
32 verbose npm  v11.10.1
33 verbose exit 0
34 info ok
